Info: Read atom netlist
Info: Directory C:/Users/Alex/Documents/Projects/MC14500B/board/fpgaxchange exists --if you continue the contents of the directory may be overwritten
Info: Generating FPGA Xchange file C:/Users/Alex/Documents/Projects/MC14500B/board/fpgaxchange/MC14500B.fx
Info: Atom 5273 (output_pins[0]) has key 'output,2.5 V,Default,Series 50 Ohm without Calibration,--,FAST,0,--,0,--,--'
Info: Atom 5275 (output_pins[1]) has key 'output,2.5 V,Default,Series 50 Ohm without Calibration,--,FAST,0,--,0,--,--'
Info: Atom 5277 (output_pins[2]) has key 'output,2.5 V,Default,Series 50 Ohm without Calibration,--,FAST,0,--,0,--,--'
Info: Atom 5279 (output_pins[3]) has key 'output,2.5 V,Default,Series 50 Ohm without Calibration,--,FAST,0,--,0,--,--'
Info: Atom 5281 (output_pins[4]) has key 'output,2.5 V,Default,Series 50 Ohm without Calibration,--,FAST,0,--,0,--,--'
Info: Atom 5283 (clk) has key 'input,3.3-V LVTTL,--,--,Off,--,0,--,0,--,--'
Info: Atom 5285 (program_write) has key 'input,2.5 V,--,--,Off,--,0,--,0,--,--'
Info: Atom 5287 (input_pins[0]) has key 'input,2.5 V,--,--,Off,--,0,--,0,--,--'
Info: Atom 5289 (input_pins[2]) has key 'input,2.5 V,--,--,Off,--,0,--,0,--,--'
Info: Atom 5291 (input_pins[1]) has key 'input,2.5 V,--,--,Off,--,0,--,0,--,--'
Info: Atom 5293 (input_pins[3]) has key 'input,2.5 V,--,--,Off,--,0,--,0,--,--'
Info: Atom 5295 (input_pins[4]) has key 'input,2.5 V,--,--,Off,--,0,--,0,--,--'
Info: Atom 5297 (reset) has key 'input,2.5 V,--,--,Off,--,0,--,0,--,--'
Info: Atom 5299 (program_cmd[8]) has key 'input,2.5 V,--,--,Off,--,0,--,0,--,--'
Info: Atom 5301 (program_cmd[9]) has key 'input,2.5 V,--,--,Off,--,0,--,0,--,--'
Info: Atom 5303 (program_cmd[10]) has key 'input,2.5 V,--,--,Off,--,0,--,0,--,--'
Info: Atom 5305 (program_cmd[11]) has key 'input,2.5 V,--,--,Off,--,0,--,0,--,--'
Info: Atom 5307 (program_cmd[2]) has key 'input,2.5 V,--,--,Off,--,0,--,0,--,--'
Info: Atom 5309 (program_cmd[3]) has key 'input,2.5 V,--,--,Off,--,0,--,0,--,--'
Info: Atom 5311 (program_cmd[5]) has key 'input,2.5 V,--,--,Off,--,0,--,0,--,--'
Info: Atom 5313 (program_cmd[4]) has key 'input,2.5 V,--,--,Off,--,0,--,0,--,--'
Info: Atom 5315 (program_cmd[7]) has key 'input,2.5 V,--,--,Off,--,0,--,0,--,--'
Info: Atom 5317 (program_cmd[6]) has key 'input,2.5 V,--,--,Off,--,0,--,0,--,--'
Info: Atom 5319 (program_cmd[1]) has key 'input,2.5 V,--,--,Off,--,0,--,0,--,--'
Info: Atom 5321 (program_cmd[0]) has key 'input,2.5 V,--,--,Off,--,0,--,0,--,--'
Info: FPGA Xchange file C:/Users/Alex/Documents/Projects/MC14500B/board/fpgaxchange/MC14500B.fx generated successfully
